<?xml version="1.0" encoding="UTF-8"?>
<!-- Generated by org.testng.reporters.JUnitXMLReporter -->
<testsuite ignored="4" hostname="LAPTOP-I7NRA6TI" failures="0" tests="1" name="Default test" time="18.225" errors="0" timestamp="2024-07-14T22:09:34 IST">
  <testcase classname="com.w3.Qa.Testcases.HomePageTest" name="certificate" time="4.517"/>
  <testcase classname="com.w3.Qa.Testcases.HomePageTest" name="table" time="0.0">
    <ignored/>
  </testcase> <!-- table -->
  <testcase classname="com.w3.Qa.Testcases.HomePageTest" name="w3logo" time="0.0">
    <ignored/>
  </testcase> <!-- w3logo -->
  <testcase classname="com.w3.Qa.Testcases.HomePageTest" name="verifyAssert2" time="0.0">
    <ignored/>
  </testcase> <!-- verifyAssert2 -->
  <testcase classname="com.w3.Qa.Testcases.HomePageTest" name="verifyAssert1" time="0.0">
    <ignored/>
  </testcase> <!-- verifyAssert1 -->
</testsuite> <!-- Default test -->
