<?xml version="1.0" encoding="UTF-8"?>
<testng-results ignored="4" total="5" passed="1" failed="0" skipped="0">
  <reporter-output>
  </reporter-output>
  <suite started-at="2024-07-14T22:09:16 IST" name="Default suite" finished-at="2024-07-14T22:09:34 IST" duration-ms="18225">
    <groups>
    </groups>
    <test started-at="2024-07-14T22:09:16 IST" name="Default test" finished-at="2024-07-14T22:09:34 IST" duration-ms="18225">
      <class name="com.w3.Qa.Testcases.HomePageTest">
        <test-method is-config="true" signature="getAttacher()[pri:0, instance:com.w3.Qa.Testcases.HomePageTest@6574a52c]" started-at="2024-07-14T22:09:16 IST" name="getAttacher" finished-at="2024-07-14T22:09:16 IST" duration-ms="418" status="PASS">
          <reporter-output>
          </reporter-output>
        </test-method> <!-- getAttacher -->
        <test-method is-config="true" signature="setup()[pri:0, instance:com.w3.Qa.Testcases.HomePageTest@6574a52c]" started-at="2024-07-14T22:09:16 IST" name="setup" finished-at="2024-07-14T22:09:29 IST" duration-ms="12690" status="PASS">
          <reporter-output>
          </reporter-output>
        </test-method> <!-- setup -->
        <test-method signature="certificate()[pri:0, instance:com.w3.Qa.Testcases.HomePageTest@6574a52c]" started-at="2024-07-14T22:09:29 IST" name="certificate" finished-at="2024-07-14T22:09:34 IST" duration-ms="4517" status="PASS">
          <reporter-output>
          </reporter-output>
        </test-method> <!-- certificate -->
        <test-method is-config="true" signature="tearDown()[pri:0, instance:com.w3.Qa.Testcases.HomePageTest@6574a52c]" started-at="2024-07-14T22:09:34 IST" name="tearDown" finished-at="2024-07-14T22:09:34 IST" duration-ms="243" status="PASS">
          <reporter-output>
          </reporter-output>
        </test-method> <!-- tearDown -->
        <test-method is-config="true" signature="afterTestCleanup()[pri:0, instance:com.w3.Qa.Testcases.HomePageTest@6574a52c]" started-at="2024-07-14T22:09:34 IST" name="afterTestCleanup" finished-at="2024-07-14T22:09:34 IST" duration-ms="322" status="PASS">
          <reporter-output>
          </reporter-output>
        </test-method> <!-- afterTestCleanup -->
      </class> <!-- com.w3.Qa.Testcases.HomePageTest -->
    </test> <!-- Default test -->
  </suite> <!-- Default suite -->
</testng-results>
